<?xml version="1.0" encoding="UTF-8"?>
<testng-results ignored="0" total="1" passed="1" failed="0" skipped="0">
  <reporter-output>
  </reporter-output>
  <suite started-at="2022-08-22T16:10:37 GST" name="Suite" finished-at="2022-08-22T16:10:45 GST" duration-ms="8006">
    <groups>
    </groups>
    <test started-at="2022-08-22T16:10:37 GST" name="Test" finished-at="2022-08-22T16:10:45 GST" duration-ms="8006">
      <class name="EPG.EP_Website.AppTest">
        <test-method signature="shouldAnswerWithTrue()[pri:0, instance:EPG.EP_Website.AppTest@4278a03f]" started-at="2022-08-22T16:10:37 GST" name="shouldAnswerWithTrue" finished-at="2022-08-22T16:10:45 GST" duration-ms="7981" status="PASS">
          <reporter-output>
          </reporter-output>
        </test-method> <!-- shouldAnswerWithTrue -->
      </class> <!-- EPG.EP_Website.AppTest -->
    </test> <!-- Test -->
  </suite> <!-- Suite -->
</testng-results>
