<?xml version="1.0" encoding="UTF-8"?>
<testng-results ignored="0" total="1" passed="1" failed="0" skipped="0">
  <reporter-output>
  </reporter-output>
  <suite started-at="2022-08-22T11:57:48 GST" name="Default suite" finished-at="2022-08-22T11:58:03 GST" duration-ms="14870">
    <groups>
    </groups>
    <test started-at="2022-08-22T11:57:48 GST" name="Default test" finished-at="2022-08-22T11:58:03 GST" duration-ms="14870">
      <class name="EPG.EP_Website.AppTest">
        <test-method signature="shouldAnswerWithTrue()[pri:0, instance:EPG.EP_Website.AppTest@1ea9f6af]" started-at="2022-08-22T11:57:48 GST" name="shouldAnswerWithTrue" finished-at="2022-08-22T11:58:03 GST" duration-ms="14843" status="PASS">
          <reporter-output>
          </reporter-output>
        </test-method> <!-- shouldAnswerWithTrue -->
      </class> <!-- EPG.EP_Website.AppTest -->
    </test> <!-- Default test -->
  </suite> <!-- Default suite -->
</testng-results>
